<?xml version="1.0" encoding="UTF-8"?>
<testsuite xmlns:xsi="http://www.w3.org/2001/XMLSchema-instance" xsi:noNamespaceSchemaLocation="https://maven.apache.org/surefire/maven-surefire-plugin/xsd/surefire-test-report-3.0.xsd" version="3.0" name="com.mycompany.mahasiswa.MahasiswaTest" time="0.219" tests="6" errors="0" skipped="0" failures="0">
  <properties>
[...]
</properties>
  <testcase name="tesNilaitLulus60" classname="com.mycompany.mahasiswa.MahasiswaTest" time="0.101"/>
  <testcase name="testNilaiLulus65" classname="com.mycompany.mahasiswa.MahasiswaTest" time="0.007"/>
  <testcase name="testNilaiLulus100" classname="com.mycompany.mahasiswa.MahasiswaTest" time="0.006"/>
  <testcase name="testNilaiTidakLulus40" classname="com.mycompany.mahasiswa.MahasiswaTest" time="0.006"/>
  <testcase name="testNilaiTidakLulus59" classname="com.mycompany.mahasiswa.MahasiswaTest" time="0.007"/>
  <testcase name="testNilaiTidakLulus0" classname="com.mycompany.mahasiswa.MahasiswaTest" time="0.004"/>
</testsuite>